0 info it worked if it ends with ok
1 verbose cli [ 'C:\\Program Files\\nodejs\\node.exe',
1 verbose cli   'C:\\Program Files\\nodejs\\node_modules\\npm\\bin\\npm-cli.js',
1 verbose cli   '-g',
1 verbose cli   'v' ]
2 info using npm@3.3.12
3 info using node@v5.4.1
4 verbose stack Error: Cannot use view command in global mode.
4 verbose stack     at EventEmitter.view (C:\Program Files\nodejs\node_modules\npm\lib\view.js:73:15)
4 verbose stack     at Object.commandCache.(anonymous function) (C:\Program Files\nodejs\node_modules\npm\lib\npm.js:214:13)
4 verbose stack     at EventEmitter.<anonymous> (C:\Program Files\nodejs\node_modules\npm\bin\npm-cli.js:74:30)
4 verbose stack     at nextTickCallbackWith0Args (node.js:452:9)
4 verbose stack     at process._tickCallback (node.js:381:13)
5 verbose cwd C:\Users\Long Work\desktop\lynda_projects\creating_responsive_design\workflows
6 error Windows_NT 10.0.10240
7 error argv "C:\\Program Files\\nodejs\\node.exe" "C:\\Program Files\\nodejs\\node_modules\\npm\\bin\\npm-cli.js" "-g" "v"
8 error node v5.4.1
9 error npm  v3.3.12
10 error Cannot use view command in global mode.
11 error If you need help, you may report this error at:
11 error     <https://github.com/npm/npm/issues>
12 verbose exit [ 1, true ]
